"../../../../../../Projekty/Unreal Engine/SoundVisualizer/Content/Own/Textures/GroundNormal.uasset" 0
"../../../../../../Projekty/Unreal Engine/SoundVisualizer/Content/Own/Materials/Ground.uasset" 1
"../../../../../../Projekty/Unreal Engine/SoundVisualizer/Content/Ground.uasset" 2
"../../../Engine/Content/Functions/Engine_MaterialFunctions02/Utility/VectorLength.uasset" 3
"../../../Engine/Content/Functions/Engine_MaterialFunctions02/WorldPositionOffset/ObjectScale.uasset" 4
"../../../../../../Projekty/Unreal Engine/SoundVisualizer/Content/Own/Blueprints/NodeMat.uasset" 5
"../../../../../../Projekty/Unreal Engine/SoundVisualizer/Content/Own/Material.uasset" 6
"../../../../../../Projekty/Unreal Engine/SoundVisualizer/Content/Own/Cube.uasset" 7
"../../../../../../Projekty/Unreal Engine/SoundVisualizer/Content/Own/Blueprints/VisualizationNode.uasset" 8
"../../../../../../Projekty/Unreal Engine/SoundVisualizer/Content/VisualizationNode.uasset" 9
"../../../../../../Projekty/Unreal Engine/SoundVisualizer/Content/NewBlueprint.uasset" 10
"../../../../../../Projekty/Unreal Engine/SoundVisualizer/Content/Audio/Besomorph___Arcando_-_Army__feat__Neoni___online-audio-converter_com_.uasset" 11
"../../../../../../Projekty/Unreal Engine/SoundVisualizer/Content/GrenadePack/Blueprints/LightTest.uasset" 12
"../../../../../../Projekty/Unreal Engine/SoundVisualizer/Content/GrenadePack/MapAssets/Materials/M_Basic_Wall.uasset" 13
"../../../../../../Projekty/Unreal Engine/SoundVisualizer/Content/GrenadePack/MapAssets/Architecture/Wall_400x200.uasset" 14
"../../../../../../Projekty/Unreal Engine/SoundVisualizer/Content/GrenadePack/MapAssets/Textures/T_Perlin_Noise_M.uasset" 15
"../../../../../../Projekty/Unreal Engine/SoundVisualizer/Content/GrenadePack/MapAssets/Textures/T_MacroVariation.uasset" 16
"../../../../../../Projekty/Unreal Engine/SoundVisualizer/Content/GrenadePack/MapAssets/Textures/T_Brick_Clay_Old_N.uasset" 17
"../../../../../../Projekty/Unreal Engine/SoundVisualizer/Content/GrenadePack/MapAssets/Textures/T_Brick_Clay_Old_D.uasset" 18
"../../../../../../Projekty/Unreal Engine/SoundVisualizer/Content/GrenadePack/MapAssets/Materials/M_Brick_Clay_Old.uasset" 19
"../../../Engine/Content/EngineMaterials/T_Default_Material_Grid_N.uasset" 20
"../../../Engine/Content/EngineMaterials/T_Default_Material_Grid_M.uasset" 21
"../../../Engine/Content/Functions/Engine_MaterialFunctions01/Opacity/CameraDepthFade.uasset" 22
"../../../Engine/Content/EngineMaterials/WorldGridMaterial.uasset" 23
"../../../../../../Projekty/Unreal Engine/SoundVisualizer/Content/GrenadePack/Destructible/Wall_400x200_DM.uasset" 24
"../../../../../../Projekty/Unreal Engine/SoundVisualizer/Content/GrenadePack/MapAssets/Character/HeroTPP_Skeleton.uasset" 25
"../../../../../../Projekty/Unreal Engine/SoundVisualizer/Content/GrenadePack/MapAssets/Character/HeroTPP_Physics2.uasset" 26
"../../../../../../Projekty/Unreal Engine/SoundVisualizer/Content/GrenadePack/MapAssets/ExampleContent/Audio/Physical_Materials/Metal.uasset" 27
"../../../../../../Projekty/Unreal Engine/SoundVisualizer/Content/GrenadePack/MapAssets/ExampleContent/Audio/Physical_Materials/Rubber.uasset" 28
"../../../../../../Projekty/Unreal Engine/SoundVisualizer/Content/GrenadePack/MapAssets/DemoRoom/Materials/M_DemoWall.uasset" 29
"../../../../../../Projekty/Unreal Engine/SoundVisualizer/Content/GrenadePack/MapAssets/DemoRoom/Materials/M_DemoWall_Inst.uasset" 30
"../../../../../../Projekty/Unreal Engine/SoundVisualizer/Content/GrenadePack/MapAssets/DemoRoom/Materials/M_DemoWall_Inst_3.uasset" 31
"../../../../../../Projekty/Unreal Engine/SoundVisualizer/Content/GrenadePack/MapAssets/Character/HeroTPP.uasset" 32
"../../../../../../Projekty/Unreal Engine/SoundVisualizer/Content/GrenadePack/MapAssets/Character/Textures/UE4_LOGO_CARD.uasset" 33
"../../../../../../Projekty/Unreal Engine/SoundVisualizer/Content/GrenadePack/Textures/t_heat_normal.uasset" 34
"../../../../../../Projekty/Unreal Engine/SoundVisualizer/Content/GrenadePack/Textures/t_cloud_graypack.uasset" 35
"../../../../../../Projekty/Unreal Engine/SoundVisualizer/Content/GrenadePack/Materials/M_HeatDistortion_mesh.uasset" 36
"../../../../../../Projekty/Unreal Engine/SoundVisualizer/Content/GrenadePack/Meshes/VFX_Sphere.uasset" 37
"../../../../../../Projekty/Unreal Engine/SoundVisualizer/Content/GrenadePack/Textures/t_wood_normal.uasset" 38
"../../../../../../Projekty/Unreal Engine/SoundVisualizer/Content/GrenadePack/Textures/t_wood_base.uasset" 39
"../../../../../../Projekty/Unreal Engine/SoundVisualizer/Content/GrenadePack/Materials/M_WoodSplinter.uasset" 40
"../../../../../../Projekty/Unreal Engine/SoundVisualizer/Content/GrenadePack/Meshes/SM_WoodChip.uasset" 41
"../../../../../../Projekty/Unreal Engine/SoundVisualizer/Content/GrenadePack/Textures/t_spark_single_dirty.uasset" 42
"../../../../../../Projekty/Unreal Engine/SoundVisualizer/Content/GrenadePack/Textures/t_ember.uasset" 43
"../../../../../../Projekty/Unreal Engine/SoundVisualizer/Content/GrenadePack/Materials/MF_NearCameraFade.uasset" 44
"../../../../../../Projekty/Unreal Engine/SoundVisualizer/Content/GrenadePack/Materials/M_Ember.uasset" 45
"../../../../../../Projekty/Unreal Engine/SoundVisualizer/Content/GrenadePack/Materials/M_Spark_dirty_Inst.uasset" 46
"../../../../../../Projekty/Unreal Engine/SoundVisualizer/Content/GrenadePack/Textures/t_cloud_noise_01.uasset" 47
"../../../../../../Projekty/Unreal Engine/SoundVisualizer/Content/GrenadePack/Textures/t_smoke_gravity_2.uasset" 48
"../../../../../../Projekty/Unreal Engine/SoundVisualizer/Content/GrenadePack/Textures/t_NormalTest.uasset" 49
"../../../../../../Projekty/Unreal Engine/SoundVisualizer/Content/GrenadePack/Textures/t_cloud_graypack_02.uasset" 50
"../../../../../../Projekty/Unreal Engine/SoundVisualizer/Content/GrenadePack/Textures/t_distort_channels.uasset" 51
"../../../../../../Projekty/Unreal Engine/SoundVisualizer/Content/GrenadePack/Materials/M_smoke_gravity_noise_dirlit01.uasset" 52
"../../../../../../Projekty/Unreal Engine/SoundVisualizer/Content/GrenadePack/Textures/t_smokebomb.uasset" 53
"../../../../../../Projekty/Unreal Engine/SoundVisualizer/Content/GrenadePack/Materials/M_smoke_bomb_dirlit_01.uasset" 54
"../../../../../../Projekty/Unreal Engine/SoundVisualizer/Content/GrenadePack/Textures/t_FireBall_01.uasset" 55
"../../../../../../Projekty/Unreal Engine/SoundVisualizer/Content/GrenadePack/Materials/M_FireBall_01.uasset" 56
"../../../../../../Projekty/Unreal Engine/SoundVisualizer/Content/GrenadePack/Textures/t_explosion_shapes_burst_add.uasset" 57
"../../../../../../Projekty/Unreal Engine/SoundVisualizer/Content/GrenadePack/Materials/M_ExplosionShapes_burst.uasset" 58
"../../../../../../Projekty/Unreal Engine/SoundVisualizer/Content/GrenadePack/Textures/t_debris_bit_gpu.uasset" 59
"../../../../../../Projekty/Unreal Engine/SoundVisualizer/Content/GrenadePack/Materials/M_debris_SUB.uasset" 60
"../../../../../../Projekty/Unreal Engine/SoundVisualizer/Content/GrenadePack/Materials/M_debris_single_GPU_Inst.uasset" 61
"../../../../../../Projekty/Unreal Engine/SoundVisualizer/Content/GrenadePack/Textures/t_debris_GPU.uasset" 62
"../../../../../../Projekty/Unreal Engine/SoundVisualizer/Content/GrenadePack/Materials/M_debris_roc_GPU_Inst.uasset" 63
"../../../../../../Projekty/Unreal Engine/SoundVisualizer/Content/GrenadePack/Textures/t_circular_stamp.uasset" 64
"../../../../../../Projekty/Unreal Engine/SoundVisualizer/Content/GrenadePack/Materials/M_Burst_add.uasset" 65
"../../../../../../Projekty/Unreal Engine/SoundVisualizer/Content/GrenadePack/Particles/VFX_GrenadeEXP_wood1.uasset" 66
"../../../../../../Projekty/Unreal Engine/SoundVisualizer/Content/GrenadePack/Textures/t_explosion_shapes_burst_add_SubUV.uasset" 67
"../../../../../../Projekty/Unreal Engine/SoundVisualizer/Content/GrenadePack/Textures/t_FireBall_01_SubUV.uasset" 68
"../../../../../../Projekty/Unreal Engine/SoundVisualizer/Content/GrenadePack/Textures/t_FluidBaseSub_mask.uasset" 69
"../../../../../../Projekty/Unreal Engine/SoundVisualizer/Content/GrenadePack/Textures/t_FluidBaseSub_mask_SubUV.uasset" 70
"../../../../../../Projekty/Unreal Engine/SoundVisualizer/Content/GrenadePack/Textures/t_smokebomb_SubUV.uasset" 71
"../../../../../../Projekty/Unreal Engine/SoundVisualizer/Content/GrenadePack/Textures/t_smoke_fingers_SUB.uasset" 72
"../../../../../../Projekty/Unreal Engine/SoundVisualizer/Content/GrenadePack/Textures/t_smoke_fingers_SUB_SubUV.uasset" 73
"../../../../../../Projekty/Unreal Engine/SoundVisualizer/Content/GrenadePack/Textures/t_smoke_gravity_2_SubUV.uasset" 74
"../../../../../../Projekty/Unreal Engine/SoundVisualizer/Content/Own/Blueprints/NodeVisType.uasset" 75
"../../../Engine/Content/EditorBlueprintResources/StandardMacros.uasset" 76
"../../../../../../Projekty/Unreal Engine/SoundVisualizer/Content/Own/Blueprints/AudioNodesVisualizer.uasset" 77
"../../../../../../Projekty/Unreal Engine/SoundVisualizer/Content/Own/Blueprints/AudioNodes.uasset" 78
"../../../../../../Projekty/Unreal Engine/SoundVisualizer/Content/Own/Models/Male/humanmaleDefault.uasset" 79
"../../../../../../Projekty/Unreal Engine/SoundVisualizer/Content/Own/Models/Male/HumanMale_humanmaleMesh.uasset" 80
"../../../../../../Projekty/Unreal Engine/SoundVisualizer/Content/Own/Models/Male/MaleSkinMat.uasset" 81
"../../../../../../Projekty/Unreal Engine/SoundVisualizer/Content/Own/Blueprints/MaleBP.uasset" 82
"../../../../../../Projekty/Unreal Engine/SoundVisualizer/Content/Own/Blueprints/NodeMat420.uasset" 83
"../../../../../../Projekty/Unreal Engine/SoundVisualizer/Content/Own/Blueprints/RotateAroundBP.uasset" 84
"../../../../../../Projekty/Unreal Engine/SoundVisualizer/Content/Own/Blueprints/PlayerBP.uasset" 85
"../../../../../../Projekty/Unreal Engine/SoundVisualizer/Content/Own/Blueprints/OwnGameModeBP.uasset" 86
"../../../../../../Projekty/Unreal Engine/SoundVisualizer/Content/Own/Blueprints/Text/MusicLyricsElement.uasset" 87
"../../../../../../Projekty/Unreal Engine/SoundVisualizer/Content/Own/Blueprints/Text/LyricsScreens.uasset" 88
"../../../../../../Projekty/Unreal Engine/SoundVisualizer/Content/Own/Levels/HappyLevel.uasset" 89
"../../../../../../Projekty/Unreal Engine/SoundVisualizer/Content/Own/Levels/CircleLevel_BuiltData.uasset" 90
"../../../../../../Projekty/Unreal Engine/SoundVisualizer/Content/Own/Levels/HappyLevel_BuiltData.uasset" 91
"../../../../../../Projekty/Unreal Engine/SoundVisualizer/Content/Own/Materials/CeilingSmooth.uasset" 92
"../../../../../../Projekty/Unreal Engine/SoundVisualizer/Content/Own/Materials/Ground2.uasset" 93
"../../../../../../Projekty/Unreal Engine/SoundVisualizer/Content/Own/Materials/Ground3.uasset" 94
"../../../../../../Projekty/Unreal Engine/SoundVisualizer/Content/Own/Materials/ScreenMat.uasset" 95
"../../../../../../Projekty/Unreal Engine/SoundVisualizer/Content/Own/Models/Male/brown_eye.uasset" 96
"../../../../../../Projekty/Unreal Engine/SoundVisualizer/Content/Own/Models/Male/high-polyDefault.uasset" 97
"../../../../../../Projekty/Unreal Engine/SoundVisualizer/Content/Own/Models/Male/HumanMale_high-polyMesh.uasset" 98
"../../../../../../Projekty/Unreal Engine/SoundVisualizer/Content/Own/Materials/SoundMaterial.uasset" 99
"../../../../../../Projekty/Unreal Engine/SoundVisualizer/Content/Own/Models/Male/MaleEyesMat.uasset" 100
"../../../../../../Projekty/Unreal Engine/SoundVisualizer/Content/Own/Textures/GroundTexture.uasset" 101
"../../../../../../Projekty/Unreal Engine/SoundVisualizer/Content/StarterContent/Maps/Minimal_Default.uasset" 102
"../../../../../../Projekty/Unreal Engine/SoundVisualizer/Content/Own/Levels/Minimal_Default_BuiltData.uasset" 103
"../../../../../../Projekty/Unreal Engine/SoundVisualizer/Content/StarterContent/Maps/Minimal_Default_BuiltData.uasset" 104
"../../../../../../Projekty/Unreal Engine/SoundVisualizer/Content/StarterContent/Shapes/Shape_Cube.uasset" 105
"../../../../../../Projekty/Unreal Engine/SoundVisualizer/Content/StarterContent/Shapes/Shape_Cylinder.uasset" 106
"../../../../../../Projekty/Unreal Engine/SoundVisualizer/Content/StarterContent/Shapes/Shape_NarrowCapsule.uasset" 107
"../../../../../../Projekty/Unreal Engine/SoundVisualizer/Content/Own/Cylinder.uasset" 108
"../../../../../../Projekty/Unreal Engine/SoundVisualizer/Content/Cylinder.uasset" 109
"../../../../../../Projekty/Unreal Engine/SoundVisualizer/Content/StarterContent/Shapes/Shape_Pipe.uasset" 110
"../../../../../../Projekty/Unreal Engine/SoundVisualizer/Content/StarterContent/Shapes/Shape_Pipe_180.uasset" 111
"../../../../../../Projekty/Unreal Engine/SoundVisualizer/Content/StarterContent/Shapes/Shape_Pipe_90.uasset" 112
"../../../../../../Projekty/Unreal Engine/SoundVisualizer/Content/StarterContent/Shapes/Shape_Plane.uasset" 113
"../../../../../../Projekty/Unreal Engine/SoundVisualizer/Content/StarterContent/Shapes/Shape_QuadPyramid.uasset" 114
"../../../../../../Projekty/Unreal Engine/SoundVisualizer/Content/StarterContent/Shapes/Shape_Sphere.uasset" 115
"../../../../../../Projekty/Unreal Engine/SoundVisualizer/Content/StarterContent/Shapes/Shape_Torus.uasset" 116
"../../../../../../Projekty/Unreal Engine/SoundVisualizer/Content/StarterContent/Shapes/Shape_Trim.uasset" 117
"../../../../../../Projekty/Unreal Engine/SoundVisualizer/Content/StarterContent/Shapes/Shape_Trim_90_In.uasset" 118
"../../../../../../Projekty/Unreal Engine/SoundVisualizer/Content/StarterContent/Shapes/Shape_Trim_90_Out.uasset" 119
"../../../../../../Projekty/Unreal Engine/SoundVisualizer/Content/StarterContent/Shapes/Shape_TriPyramid.uasset" 120
"../../../../../../Projekty/Unreal Engine/SoundVisualizer/Content/StarterContent/Shapes/Shape_Tube.uasset" 121
"../../../../../../Projekty/Unreal Engine/SoundVisualizer/Content/StarterContent/Shapes/Shape_Wedge_A.uasset" 122
"../../../../../../Projekty/Unreal Engine/SoundVisualizer/Content/StarterContent/Shapes/Shape_Wedge_B.uasset" 123
"../../../../../../Projekty/Unreal Engine/SoundVisualizer/Content/StarterContent/Shapes/Shape_WideCapsule.uasset" 124
"../../../../../../Projekty/Unreal Engine/SoundVisualizer/Content/Synesthesia/Settings/OnsetSynesthesiaNRTSettings.uasset" 125
"../../../../../../Projekty/Unreal Engine/SoundVisualizer/Content/Audio/CYBERPUNK-2077-SOUNDTRACK-MAJOR-CRIMES-by-HEALTH-Window-Weather-_Official-Video_.uasset" 126
"../../../../../../Projekty/Unreal Engine/SoundVisualizer/Content/Synesthesia/OnsetSynesthesiaNRT1.uasset" 127
"../../../../../../Projekty/Unreal Engine/SoundVisualizer/Content/Synesthesia/LoudnessSynesthesiaNRT.uasset" 128
"../../../../../../Projekty/Unreal Engine/SoundVisualizer/Content/Synesthesia/Settings/ConstantQNRTSettingsLONG.uasset" 129
"../../../../../../Projekty/Unreal Engine/SoundVisualizer/Content/Synesthesia/ConstantQSynesthesiaNRT1.uasset" 130
"../../../../../../Projekty/Unreal Engine/SoundVisualizer/Content/Own/Fonts/Staatliches-Regular.uasset" 131
"../../../../../../Projekty/Unreal Engine/SoundVisualizer/Content/Own/Fonts/Staatliches-Regular_Font.uasset" 132
"../../../../../../Projekty/Unreal Engine/SoundVisualizer/Content/Own/Blueprints/TextWidgetBP.uasset" 133
"../../../../../../Projekty/Unreal Engine/SoundVisualizer/Content/Own/Blueprints/TextBP.uasset" 134
"../../../../../../Projekty/Unreal Engine/SoundVisualizer/Content/Own/Blueprints/DynamicMaterialActorBP.uasset" 135
"../../../../../../Projekty/Unreal Engine/SoundVisualizer/Content/Own/Blueprints/AudioVis.uasset" 136
"../../../../../../Projekty/Unreal Engine/SoundVisualizer/Content/Synesthesia/AudioVis.uasset" 137
"../../../../../../Projekty/Unreal Engine/SoundVisualizer/Content/Synesthesia/NewAudioSynesthesiaNRT.uasset" 138
"../../../../../../Projekty/Unreal Engine/SoundVisualizer/Content/Synesthesia/Settings/ConstantQNRTSettings.uasset" 139
"../../../Engine/Content/ArtTools/RenderToTexture/Meshes/S_1_Unit_Plane.uasset" 140
"../../../Engine/Content/EngineMaterials/DefaultMaterial.uasset" 141
"../../../Engine/Content/BasicShapes/Cone.uasset" 142
"../../../Engine/Content/BasicShapes/Plane.uasset" 143
"../../../Engine/Content/BasicShapes/Sphere.uasset" 144
"../../../Engine/Content/EditorLandscapeResources/DataLayer.uasset" 145
"../../../Engine/Content/EditorLandscapeResources/DefaultAlphaTexture.uasset" 146
"../../../Engine/Content/EditorMaterials/MAT_Groups_Toggle.uasset" 147
"../../../Engine/Content/EditorMaterials/MAT_Groups_Visibility.uasset" 148
"../../../Engine/Content/EditorMaterials/PreviewShadowIndicator.uasset" 149
"../../../Engine/Content/EditorMaterials/PreviewShadowIndicatorMaterial.uasset" 150
"../../../Engine/Content/EditorMaterials/MatineeGroups/MAT_ColorTrack.uasset" 151
"../../../Engine/Content/EditorMaterials/MatineeGroups/MAT_Groups_Anim.uasset" 152
"../../../Engine/Content/EditorMaterials/MatineeGroups/MAT_Groups_AudioMaster.uasset" 153
"../../../Engine/Content/EditorMaterials/MatineeGroups/MAT_Groups_Director.uasset" 154
"../../../Engine/Content/EditorMaterials/MatineeGroups/MAT_Groups_Event.uasset" 155
"../../../Engine/Content/EditorMaterials/MatineeGroups/MAT_Groups_Fade.uasset" 156
"../../../Engine/Content/EditorMaterials/MatineeGroups/MAT_Groups_Float.uasset" 157
"../../../Engine/Content/EditorMaterials/MatineeGroups/MAT_Groups_Move.uasset" 158
"../../../Engine/Content/EditorMaterials/MatineeGroups/MAT_Groups_Slomo.uasset" 159
"../../../Engine/Content/EditorMaterials/MatineeGroups/MAT_Groups_Sound.uasset" 160
"../../../Engine/Content/EditorMaterials/MatineeGroups/MAT_Groups_Vector.uasset" 161
"../../../Engine/Content/EditorMaterials/ParticleSystems/PSysThumbnail_NoImage.uasset" 162
"../../../Engine/Content/EditorMaterials/ParticleSystems/PSysThumbnail_OOD.uasset" 163
"../../../Engine/Content/EditorMaterials/Camera/CineMat.uasset" 164
"../../../Engine/Content/EditorMaterials/Camera/MI_CineMat_Rig.uasset" 165
"../../../Engine/Content/EditorMeshes/Camera/SM_CraneRig_Arm.uasset" 166
"../../../Engine/Content/EditorMeshes/Camera/SM_CraneRig_Base.uasset" 167
"../../../Engine/Content/EditorMeshes/Camera/SM_CraneRig_Body.uasset" 168
"../../../Engine/Content/EditorMeshes/Camera/SM_CraneRig_Mount.uasset" 169
"../../../Engine/Content/EditorMeshes/Camera/SM_RailRig_Mount.uasset" 170
"../../../Engine/Content/EditorMeshes/Camera/SM_RailRig_Track.uasset" 171
"../../../Engine/Content/EditorResources/BSPVertex.uasset" 172
"../../../Engine/Content/EditorResources/EmptyActor.uasset" 173
"../../../Engine/Content/EditorResources/S_Actor.uasset" 174
"../../../Engine/Content/EditorResources/S_Note.uasset" 175
"../../../Engine/Content/EditorResources/S_Solver.uasset" 176
"../../../Engine/Content/EditorResources/S_Terrain.uasset" 177
"../../../Engine/Content/EditorResources/S_Trigger.uasset" 178
"../../../Engine/Content/EditorResources/AudioIcons/S_AudioComponent_AutoActivate.uasset" 179
"../../../Engine/Content/EditorResources/LightIcons/S_LightError.uasset" 180
"../../../Engine/Content/EditorResources/SequenceRecorder/Countdown.uasset" 181
"../../../Engine/Content/EditorResources/SequenceRecorder/RecordingIndicator.uasset" 182
"../../../Engine/Content/EngineDamageTypes/DmgTypeBP_Environmental.uasset" 183
"../../../Engine/Content/EngineDebugMaterials/DebugEditorMaterial.uasset" 184
"../../../Engine/Content/EngineDebugMaterials/DebugMeshMaterial.uasset" 185
"../../../Engine/Content/EngineDebugMaterials/M_SimpleUnlitTranslucent.uasset" 186
"../../../Engine/Content/EngineDebugMaterials/VolumeToRender.uasset" 187
"../../../Engine/Content/Functions/Engine_MaterialFunctions02/Utility/CameraDirectionVector.uasset" 188
"../../../Engine/Content/EngineDebugMaterials/M_VolumeRenderSphereTracePP.uasset" 189
"../../../Engine/Content/Functions/Engine_MaterialFunctions01/Shading/ConvertFromDiffSpec.uasset" 190
"../../../Engine/Content/EngineDebugMaterials/VertexColorMaterial.uasset" 191
"../../../Engine/Content/EngineDebugMaterials/WireframeMaterial.uasset" 192
"../../../Engine/Content/EngineFonts/Faces/RobotoRegular.uasset" 193
"../../../Engine/Content/EngineFonts/Faces/RobotoLight.uasset" 194
"../../../Engine/Content/EngineFonts/Faces/RobotoItalic.uasset" 195
"../../../Engine/Content/EngineFonts/Faces/RobotoBoldItalic.uasset" 196
"../../../Engine/Content/EngineFonts/Faces/RobotoBold.uasset" 197
"../../../Engine/Content/EngineFonts/Faces/DroidSansFallback.uasset" 198
"../../../Engine/Content/EngineFonts/Roboto.uasset" 199
"../../../Engine/Content/EngineMaterials/BaseFlattenNormalMap.uasset" 200
"../../../Engine/Content/EngineMaterials/BaseFlattenGrayscaleMap.uasset" 201
"../../../Engine/Content/EngineMaterials/BaseFlattenEmissiveMap.uasset" 202
"../../../Engine/Content/EngineMaterials/BaseFlattenDiffuseMap.uasset" 203
"../../../Engine/Content/EngineMaterials/BaseFlattenMaterial.uasset" 204
"../../../Engine/Content/EngineMaterials/BlueNoise.uasset" 205
"../../../Engine/Content/EngineMaterials/DefaultBloomKernel.uasset" 206
"../../../Engine/Content/EngineMaterials/DefaultBokeh.uasset" 207
"../../../Engine/Content/EngineMaterials/DefaultDiffuse.uasset" 208
"../../../Engine/Content/EngineMaterials/DefaultDeferredDecalMaterial.uasset" 209
"../../../Engine/Content/EngineMaterials/DefaultLightFunctionMaterial.uasset" 210
"../../../Engine/Content/Functions/Engine_MaterialFunctions02/Utility/BreakOutFloat2Components.uasset" 211
"../../../Engine/Content/EngineMaterials/DefaultPostProcessMaterial.uasset" 212
"../../../Engine/Content/EngineFonts/RobotoDistanceField.uasset" 213
"../../../Engine/Content/EngineMaterials/DefaultTextMaterialOpaque.uasset" 214
"../../../Engine/Content/EngineMaterials/DefaultWhiteGrid.uasset" 215
"../../../Engine/Content/EngineMaterials/DefaultWhiteGrid_Low.uasset" 216
"../../../Engine/Content/EngineMaterials/EmissiveMeshMaterial.uasset" 217
"../../../Engine/Content/EngineMaterials/GizmoMaterial.uasset" 218
"../../../Engine/Content/EngineMaterials/Good64x64TilingNoiseHighFreq.uasset" 219
"../../../Engine/Content/EngineMaterials/MiniFont.uasset" 220
"../../../Engine/Content/EngineMaterials/InvalidLightmapSettings.uasset" 221
"../../../Engine/Content/EngineMaterials/M_InvalidLightmapSettings.uasset" 222
"../../../Engine/Content/Functions/Engine_MaterialFunctions02/WorldPositionOffset/CameraOffset.uasset" 223
"../../../Engine/Content/EngineMaterials/PhAT_JointLimitMaterial.uasset" 224
"../../../Engine/Content/EngineMaterials/PreintegratedSkinBRDF.uasset" 225
"../../../Engine/Content/EngineMaterials/RemoveSurfaceMaterial.uasset" 226
"../../../Engine/Content/EngineMaterials/WeightMapPlaceholderTexture.uasset" 227
"../../../Engine/Content/EngineResources/WhiteSquareTexture.uasset" 228
"../../../Engine/Content/EngineMaterials/Widget3DPassThrough.uasset" 229
"../../../Engine/Content/EngineMaterials/Widget3DPassThrough_Masked.uasset" 230
"../../../Engine/Content/EngineMaterials/Widget3DPassThrough_Opaque.uasset" 231
"../../../Engine/Content/EngineMaterials/Widget3DPassThrough_Masked_OneSided.uasset" 232
"../../../Engine/Content/EngineMaterials/Widget3DPassThrough_Opaque_OneSided.uasset" 233
"../../../Engine/Content/EngineMaterials/Widget3DPassThrough_Translucent.uasset" 234
"../../../Engine/Content/EngineMaterials/Widget3DPassThrough_Translucent_OneSided.uasset" 235
"../../../Engine/Content/EngineMeshes/Cylinder.uasset" 236
"../../../Engine/Content/EngineMeshes/Sphere.uasset" 237
"../../../Engine/Content/EngineResources/DefaultTextureCube.uasset" 238
"../../../Engine/Content/EngineResources/DefaultVolumeTexture2D.uasset" 239
"../../../Engine/Content/EngineResources/DefaultVolumeTexture.uasset" 240
"../../../Engine/Content/EngineResources/GradientTexture0.uasset" 241
"../../../Engine/Content/EngineSky/VolumetricClouds/T_NoiseShape64.uasset" 242
"../../../Engine/Content/EngineSky/VolumetricClouds/T_VolumeNoiseShape64.uasset" 243
"../../../Engine/Content/EngineSky/VolumetricClouds/T_NoiseErosion.uasset" 244
"../../../Engine/Content/EngineSky/VolumetricClouds/T_VolumeNoiseErosion32.uasset" 245
"../../../Engine/Content/EngineSky/VolumetricClouds/CloudWeatherTexture.uasset" 246
"../../../Engine/Content/EngineSky/VolumetricClouds/CloudGradientTexture.uasset" 247
"../../../Engine/Content/Functions/Engine_MaterialFunctions02/Utility/MakeFloat2.uasset" 248
"../../../Engine/Content/EngineSky/VolumetricClouds/m_SimpleVolumetricCloud.uasset" 249
"../../../Engine/Content/EngineSky/VolumetricClouds/m_SimpleVolumetricCloud_Inst.uasset" 250
"../../../Engine/Content/EngineSounds/Master.uasset" 251
"../../../Engine/Content/Functions/Engine_MaterialFunctions01/Shading/PowerToRoughness.uasset" 252
"../../../Engine/Content/Maps/Templates/Thumbnails/Default.uasset" 253
"../../../Engine/Content/Maps/Templates/Thumbnails/TimeOfDay.uasset" 254
"../../../Engine/Content/Maps/Templates/Thumbnails/VR-Basic.uasset" 255
"../../../Engine/Content/MobileResources/T_MobileControls_texture.uasset" 256
"../../../Engine/Content/MobileResources/T_MobileMenu2.uasset" 257
"../../../Engine/Content/MobileResources/HUD/AnalogHat.uasset" 258
"../../../Engine/Content/MobileResources/HUD/VirtualJoystick_Thumb.uasset" 259
"../../../Engine/Content/MobileResources/HUD/VirtualJoystick_Background.uasset" 260
"../../../Engine/Content/MobileResources/HUD/DefaultVirtualJoysticks.uasset" 261
"../../../Engine/Content/MobileResources/HUD/LeftVirtualJoystickOnly.uasset" 262
"../../../Engine/Content/MobileResources/HUD/MobileHUDButton1_off.uasset" 263
"../../../Engine/Content/MobileResources/HUD/MobileHUDButton1_on.uasset" 264
"../../../Engine/Content/MobileResources/HUD/MobileHUDButton2_off.uasset" 265
"../../../Engine/Content/MobileResources/HUD/MobileHUDButton2_on.uasset" 266
"../../../Engine/Content/MobileResources/HUD/MobileHUDButton3.uasset" 267
"../../../Engine/Content/MobileResources/HUD/MobileHUDButtonFire.uasset" 268
"../../../Engine/Content/MobileResources/HUD/MobileHUDDirectionPad.uasset" 269
"../../../Engine/Content/MobileResources/HUD/MobileHUDDirectionPad2.uasset" 270
"../../../Engine/Content/MobileResources/HUD/MobileHUDDirectionPad3.uasset" 271
"../../../Engine/Content/MobileResources/HUD/MobileHUDDirectionStick.uasset" 272
"../../../Engine/Content/MobileResources/HUD/T_Castle_ThumbstickInner.uasset" 273
"../../../Engine/Content/MobileResources/HUD/T_Castle_ThumbstickOutter.uasset" 274
"../../../Engine/Content/Tutorial/ContentIntroCurve.uasset" 275
"../../../Engine/Content/Tutorial/Basics/LevelEditorAttract.uasset" 276
"../../../Engine/Content/Tutorial/Basics/TutorialAssets/icon_tab_Levels_40x.uasset" 277
"../../../Engine/Content/Tutorial/Basics/LevelEditorOverview.uasset" 278
"../../../Engine/Content/VREditor/TransformGizmo/TranslucentTransformGizmoMaterial.uasset" 279
"../../../Engine/Content/VREditor/LaserPointer/VR_LaserPower_01.uasset" 280
"../../../Engine/Content/VREditor/TransformGizmo/TransformGizmoMaterial.uasset" 281
"../../../Engine/Content/VREditor/TransformGizmo/BoundingBoxCorner.uasset" 282
"../../../Engine/Content/VREditor/TransformGizmo/BoundingBoxEdge.uasset" 283
"../../../Engine/Content/VREditor/TransformGizmo/PlaneTranslationHandle.uasset" 284
"../../../Engine/Content/VREditor/TransformGizmo/Xray.uasset" 285
"../../../Engine/Content/VREditor/TransformGizmo/Main.uasset" 286
"../../../Engine/Content/VREditor/TransformGizmo/SM_Sequencer_Key.uasset" 287
"../../../Engine/Content/VREditor/TransformGizmo/SM_Sequencer_Node.uasset" 288
"../../Plugins/2D/Paper2D/Content/PlaceholderTextures/DummySpriteTexture.uasset" 289
"../../Plugins/2D/Paper2D/Content/DummySprite.uasset" 290
"../../Plugins/2D/Paper2D/Content/DefaultPaperTerrainMaterial.uasset" 291
"../../Plugins/2D/Paper2D/Content/DefaultSpriteMaterial.uasset" 292
"../../Plugins/2D/Paper2D/Content/MaskedUnlitSpriteMaterial.uasset" 293
"../../Plugins/2D/Paper2D/Content/OpaqueUnlitSpriteMaterial.uasset" 294
"../../../Engine/Content/Functions/Engine_MaterialFunctions02/ObjectLocalBounds.uasset" 295
"../../../Engine/Content/Functions/Engine_MaterialFunctions02/Utility/BreakOutFloat3Components.uasset" 296
"../../Plugins/Editor/SpeedTreeImporter/Content/SpeedTree9/UnpackInteger3.uasset" 297
"../../Plugins/Editor/SpeedTreeImporter/Content/SpeedTree9/UnpackDirection.uasset" 298
"../../Plugins/Editor/SpeedTreeImporter/Content/SpeedTree9/game_wind_noise.uasset" 299
"../../../Engine/Content/Functions/Engine_MaterialFunctions02/SafeNormalize.uasset" 300
"../../Plugins/Editor/SpeedTreeImporter/Content/SpeedTree9/SpeedTreeWindMotion.uasset" 301
"../../Plugins/Editor/SpeedTreeImporter/Content/SpeedTree9/SpeedTreeBranchMotion.uasset" 302
"../../../Engine/Content/Functions/Engine_MaterialFunctions02/UVs/BoundingBoxBased_0-1_UVW.uasset" 303
"../../Plugins/Editor/SpeedTreeImporter/Content/SpeedTree9/SpeedTreeWind.uasset" 304
"../../Plugins/Editor/SpeedTreeImporter/Content/SpeedTree9/SpeedTreeBillboard.uasset" 305
"../../../Engine/Content/EngineResources/DefaultTexture.uasset" 306
"../../Plugins/Editor/SpeedTreeImporter/Content/SpeedTree9/SpeedTreeBillboardMaster.uasset" 307
"../../Plugins/Editor/SpeedTreeImporter/Content/SpeedTree9/SpeedTreeCameraFacing.uasset" 308
"../../Plugins/Editor/SpeedTreeImporter/Content/SpeedTree9/SpeedTreeMaster.uasset" 309
"../../../Engine/Content/ArtTools/RenderToTexture/Materials/Debug/M_Emissive_Color.uasset" 310
"../../../Engine/Content/BasicShapes/Cylinder.uasset" 311
"../../Plugins/Lumin/MagicLeapPassableWorld/Content/MagicLeapARPinInfoActor.uasset" 312
"../../Plugins/Experimental/Water/Content/Curves/FloatCurve_WaterBodyIsland.uasset" 313
"../../Plugins/Experimental/Water/Content/Icons/WaterBodyOceanSprite.uasset" 314
"../../Plugins/Experimental/Water/Content/Icons/WaterSprite.uasset" 315
"../../Plugins/Experimental/Water/Content/Meshes/LakeMesh.uasset" 316
"../../Plugins/Experimental/Water/Content/Meshes/RiverMesh.uasset" 317
"../../Plugins/Experimental/Water/Content/Waves/GerstnerWaves_Lake.uasset" 318
"../../../Engine/Content/Functions/Engine_MaterialFunctions02/Utility/BreakOutFloat4Components.uasset" 319
"../../../Engine/Content/Functions/Engine_MaterialFunctions02/Utility/MakeFloat3.uasset" 320
"../../Plugins/Runtime/Oculus/OculusVR/Content/Materials/OculusMR_ChromaKey.uasset" 321
"../../Plugins/Runtime/Oculus/OculusVR/Content/Materials/OculusMR_OpaqueColoredMaterial.uasset" 322
"../../Plugins/Runtime/Oculus/OculusVR/Content/Materials/PokeAHoleMaterial.uasset" 323
"../../../../../../Projekty/Unreal Engine/SoundVisualizer/Content/GrenadePack/Physical_Materials/Wood.uasset" 324
"../../../../../../Projekty/Unreal Engine/SoundVisualizer/Content/GrenadePack/MapAssets/DemoRoom/Materials/M_DemoWall_MattPlastic.uasset" 325
"../../../../../../Projekty/Unreal Engine/SoundVisualizer/Content/GrenadePack/MapAssets/DemoRoom/Materials/M_DemoWall_Inst2.uasset" 326
"../../../../../../Projekty/Unreal Engine/SoundVisualizer/Content/GrenadePack/MapAssets/Textures/T_Wood_Oak_N.uasset" 327
"../../../../../../Projekty/Unreal Engine/SoundVisualizer/Content/GrenadePack/MapAssets/Textures/T_Wood_Oak_D.uasset" 328
"../../../../../../Projekty/Unreal Engine/SoundVisualizer/Content/GrenadePack/MapAssets/Materials/M_Wood_Oak.uasset" 329
"../../../../../../Projekty/Unreal Engine/SoundVisualizer/Content/GrenadePack/Physical_Materials/PhysMatMeshes/SM_Wood.uasset" 330
"../../../../../../Projekty/Unreal Engine/SoundVisualizer/Content/GrenadePack/Physical_Materials/Water.uasset" 331
"../../../Engine/Content/Functions/Engine_MaterialFunctions02/Utility/BlendAngleCorrectedNormals.uasset" 332
"../../../../../../Projekty/Unreal Engine/SoundVisualizer/Content/GrenadePack/MapAssets/Textures/T_Water_N.uasset" 333
"../../../../../../Projekty/Unreal Engine/SoundVisualizer/Content/GrenadePack/MapAssets/Textures/T_Water_M.uasset" 334
"../../../../../../Projekty/Unreal Engine/SoundVisualizer/Content/GrenadePack/MapAssets/Materials/M_Water_Ocean.uasset" 335
"../../../../../../Projekty/Unreal Engine/SoundVisualizer/Content/GrenadePack/Physical_Materials/PhysMatMeshes/SM_Water.uasset" 336
"../../../../../../Projekty/Unreal Engine/SoundVisualizer/Content/GrenadePack/Physical_Materials/Snow.uasset" 337
"../../../../../../Projekty/Unreal Engine/SoundVisualizer/Content/GrenadePack/MapAssets/DemoRoom/Materials/M_DemoWall_Inst_NamePlate.uasset" 338
"../../../../../../Projekty/Unreal Engine/SoundVisualizer/Content/GrenadePack/Physical_Materials/M_Snow_Inst.uasset" 339
"../../../../../../Projekty/Unreal Engine/SoundVisualizer/Content/GrenadePack/Physical_Materials/PhysMatMeshes/SM_Snow.uasset" 340
"../../../../../../Projekty/Unreal Engine/SoundVisualizer/Content/GrenadePack/Physical_Materials/Sand.uasset" 341
"../../../../../../Projekty/Unreal Engine/SoundVisualizer/Content/GrenadePack/MapAssets/Textures/T_Rock_Sandstone_N.uasset" 342
"../../../../../../Projekty/Unreal Engine/SoundVisualizer/Content/GrenadePack/MapAssets/Textures/T_Rock_Sandstone_D.uasset" 343
"../../../../../../Projekty/Unreal Engine/SoundVisualizer/Content/GrenadePack/MapAssets/Materials/M_Rock_Sandstone.uasset" 344
"../../../../../../Projekty/Unreal Engine/SoundVisualizer/Content/GrenadePack/Physical_Materials/PhysMatMeshes/SM_Sand.uasset" 345
"../../../../../../Projekty/Unreal Engine/SoundVisualizer/Content/GrenadePack/Physical_Materials/Metal.uasset" 346
"../../../../../../Projekty/Unreal Engine/SoundVisualizer/Content/GrenadePack/MapAssets/Materials/M_Metal_Chrome.uasset" 347
"../../../../../../Projekty/Unreal Engine/SoundVisualizer/Content/GrenadePack/Physical_Materials/PhysMatMeshes/SM_Metal.uasset" 348
"../../../../../../Projekty/Unreal Engine/SoundVisualizer/Content/GrenadePack/Physical_Materials/Ice.uasset" 349
"../../../../../../Projekty/Unreal Engine/SoundVisualizer/Content/GrenadePack/Physical_Materials/M_Ice_Inst.uasset" 350
"../../../../../../Projekty/Unreal Engine/SoundVisualizer/Content/GrenadePack/Physical_Materials/PhysMatMeshes/SM_Ice.uasset" 351
"../../../../../../Projekty/Unreal Engine/SoundVisualizer/Content/GrenadePack/Physical_Materials/Grass.uasset" 352
"../../../../../../Projekty/Unreal Engine/SoundVisualizer/Content/GrenadePack/MapAssets/Textures/T_Ground_Grass_N.uasset" 353
"../../../../../../Projekty/Unreal Engine/SoundVisualizer/Content/GrenadePack/MapAssets/Textures/T_Ground_Grass_D.uasset" 354
"../../../../../../Projekty/Unreal Engine/SoundVisualizer/Content/GrenadePack/MapAssets/Materials/M_Ground_Grass.uasset" 355
"../../../../../../Projekty/Unreal Engine/SoundVisualizer/Content/GrenadePack/Physical_Materials/PhysMatMeshes/SM_Grass.uasset" 356
"../../../../../../Projekty/Unreal Engine/SoundVisualizer/Content/GrenadePack/Physical_Materials/Dirt.uasset" 357
"../../../../../../Projekty/Unreal Engine/SoundVisualizer/Content/GrenadePack/Physical_Materials/M_Dirt_Inst.uasset" 358
"../../../../../../Projekty/Unreal Engine/SoundVisualizer/Content/GrenadePack/Physical_Materials/PhysMatMeshes/SM_Dirt.uasset" 359
"../../../../../../Projekty/Unreal Engine/SoundVisualizer/Content/GrenadePack/Physical_Materials/Default.uasset" 360
"../../../../../../Projekty/Unreal Engine/SoundVisualizer/Content/GrenadePack/MapAssets/Materials/M_Basic_Floor.uasset" 361
"../../../../../../Projekty/Unreal Engine/SoundVisualizer/Content/GrenadePack/Physical_Materials/PhysMatMeshes/SM_default.uasset" 362
"../../../../../../Projekty/Unreal Engine/SoundVisualizer/Content/GrenadePack/Physical_Materials/Concrete.uasset" 363
"../../../../../../Projekty/Unreal Engine/SoundVisualizer/Content/GrenadePack/MapAssets/Textures/T_Metal_Rust_N.uasset" 364
"../../../../../../Projekty/Unreal Engine/SoundVisualizer/Content/GrenadePack/MapAssets/Textures/T_Concrete_Grime_D.uasset" 365
"../../../../../../Projekty/Unreal Engine/SoundVisualizer/Content/GrenadePack/MapAssets/Materials/M_Concrete_Grime.uasset" 366
"../../../../../../Projekty/Unreal Engine/SoundVisualizer/Content/GrenadePack/Physical_Materials/PhysMatMeshes/SM_Concrete.uasset" 367
"../../../Engine/Content/EngineMeshes/Humanoid.uasset" 368
"../../../../../../Projekty/Unreal Engine/SoundVisualizer/Content/GrenadePack/MapAssets/Character/SK_Mannequin_Skeleton.uasset" 369
"../../../../../../Projekty/Unreal Engine/SoundVisualizer/Content/GrenadePack/MapAssets/Character/SK_Mannequin_PhysicsAsset.uasset" 370
"../../../../../../Projekty/Unreal Engine/SoundVisualizer/Content/GrenadePack/MapAssets/Character/Textures/UE4Man_Logo_N.uasset" 371
"../../../../../../Projekty/Unreal Engine/SoundVisualizer/Content/GrenadePack/MapAssets/Character/Textures/UE4_Mannequin_MAT_MASKA.uasset" 372
"../../../../../../Projekty/Unreal Engine/SoundVisualizer/Content/GrenadePack/MapAssets/Character/Textures/UE4_Mannequin__normals.uasset" 373
"../../../Engine/Content/Functions/MaterialLayerFunctions/MatLayerBlend_Simple.uasset" 374
"../../../Engine/Content/Functions/MaterialLayerFunctions/MatLayerBlend_NormalBlend.uasset" 375
"../../../../../../Projekty/Unreal Engine/SoundVisualizer/Content/GrenadePack/MapAssets/Character/Textures/T_ML_Aluminum01_N.uasset" 376
"../../../../../../Projekty/Unreal Engine/SoundVisualizer/Content/GrenadePack/MapAssets/Character/Textures/T_ML_Aluminum01.uasset" 377
"../../../../../../Projekty/Unreal Engine/SoundVisualizer/Content/GrenadePack/MapAssets/Character/Materials/ML_SoftMetal_UE4.uasset" 378
"../../../../../../Projekty/Unreal Engine/SoundVisualizer/Content/GrenadePack/MapAssets/Character/Materials/ML_Plastic_Shiny_Beige_LOGO.uasset" 379
"../../../../../../Projekty/Unreal Engine/SoundVisualizer/Content/GrenadePack/MapAssets/Character/Materials/ML_Plastic_Shiny_Beige.uasset" 380
"../../../../../../Projekty/Unreal Engine/SoundVisualizer/Content/GrenadePack/MapAssets/Character/Textures/T_ML_Rubber_Blue_01_N.uasset" 381
"../../../../../../Projekty/Unreal Engine/SoundVisualizer/Content/GrenadePack/MapAssets/Character/Textures/T_ML_Rubber_Blue_01_D.uasset" 382
"../../../../../../Projekty/Unreal Engine/SoundVisualizer/Content/GrenadePack/MapAssets/Character/Materials/ML_GlossyBlack_Latex_UE4.uasset" 383
"../../../../../../Projekty/Unreal Engine/SoundVisualizer/Content/GrenadePack/MapAssets/Character/Materials/M_UE4Main_Body.uasset" 384
"../../../../../../Projekty/Unreal Engine/SoundVisualizer/Content/GrenadePack/MapAssets/Character/Materials/M_UE4Man_ChestLogo.uasset" 385
"../../../../../../Projekty/Unreal Engine/SoundVisualizer/Content/GrenadePack/MapAssets/Character/SK_Mannequin.uasset" 386
"../../../../../../Projekty/Unreal Engine/SoundVisualizer/Content/GrenadePack/MapAssets/DemoRoom/Materials/M_DemoWall_Inst_BaseFloor_Inst.uasset" 387
"../../../Engine/Content/TemplateResources/M_Template_Master.uasset" 388
"../../../Engine/Content/TemplateResources/MI_Template_BaseGray_03_Metal.uasset" 389
"../../../Engine/Content/EngineSky/T_Sky_Stars.uasset" 390
"../../../Engine/Content/EngineSky/T_Sky_Clouds_M.uasset" 391
"../../../Engine/Content/EngineSky/T_Sky_Blue.uasset" 392
"../../../Engine/Content/EngineSky/M_Sky_Panning_Clouds2.uasset" 393
"../../../../../../Projekty/Unreal Engine/SoundVisualizer/Content/GrenadePack/Map/GrenadeContent_BuiltData.uasset" 394
"../../../../../../Projekty/Unreal Engine/SoundVisualizer/Content/GrenadePack/Materials/M_smoke_fingers_dirlit_01.uasset" 395
"../../../../../../Projekty/Unreal Engine/SoundVisualizer/Content/GrenadePack/Particles/VFX_LTGrenadeEXP_air.uasset" 396
"../../../../../../Projekty/Unreal Engine/SoundVisualizer/Content/GrenadePack/MapAssets/DemoRoom/Meshes/SM_NamePlate.uasset" 397
"../../../../../../Projekty/Unreal Engine/SoundVisualizer/Content/GrenadePack/MapAssets/DemoRoom/Meshes/SM_BaseRoom.uasset" 398
"../../../../../../Projekty/Unreal Engine/SoundVisualizer/Content/GrenadePack/MapAssets/DemoRoom/Meshes/SM_Base_FlatWall.uasset" 399
"../../../../../../Projekty/Unreal Engine/SoundVisualizer/Content/GrenadePack/MapAssets/DemoRoom/Meshes/SM_Base2.uasset" 400
"../../../../../../Projekty/Unreal Engine/SoundVisualizer/Content/GrenadePack/MapAssets/DemoRoom/Meshes/SM_Base.uasset" 401
"../../../../../../Projekty/Unreal Engine/SoundVisualizer/Content/GrenadePack/MapAssets/DemoRoom/BluePrint/BP_DemoDisplay_Enum.uasset" 402
"../../../../../../Projekty/Unreal Engine/SoundVisualizer/Content/GrenadePack/MapAssets/DemoRoom/Materials/DefaultTextMaterialTranslucentUnlit.uasset" 403
"../../../../../../Projekty/Unreal Engine/SoundVisualizer/Content/GrenadePack/MapAssets/DemoRoom/BluePrint/BP_DemoDisplay.uasset" 404
"../../../Engine/Content/EngineSky/SM_SkySphere.uasset" 405
"../../../Engine/Content/EngineSky/C_Sky_Zenith_Color.uasset" 406
"../../../Engine/Content/EngineSky/C_Sky_Horizon_Color.uasset" 407
"../../../Engine/Content/EngineSky/C_Sky_Cloud_Color.uasset" 408
"../../../Engine/Content/EngineSky/BP_Sky_Sphere.uasset" 409
"../../../../../../Projekty/Unreal Engine/SoundVisualizer/Content/GrenadePack/Particles/VFX_LTGrenadeEXP_wood.uasset" 410
"../../../../../../Projekty/Unreal Engine/SoundVisualizer/Content/GrenadePack/Textures/t_FluidBaseSub_N.uasset" 411
"../../../../../../Projekty/Unreal Engine/SoundVisualizer/Content/GrenadePack/Materials/M_fluid_splash.uasset" 412
"../../../../../../Projekty/Unreal Engine/SoundVisualizer/Content/GrenadePack/Textures/t_drip_single_mask.uasset" 413
"../../../../../../Projekty/Unreal Engine/SoundVisualizer/Content/GrenadePack/Textures/t_drip_single.uasset" 414
"../../../../../../Projekty/Unreal Engine/SoundVisualizer/Content/GrenadePack/Materials/M_fluid_drip.uasset" 415
"../../../../../../Projekty/Unreal Engine/SoundVisualizer/Content/GrenadePack/Textures/t_debris_grit_01.uasset" 416
"../../../../../../Projekty/Unreal Engine/SoundVisualizer/Content/GrenadePack/Materials/M_debris_grit.uasset" 417
"../../../../../../Projekty/Unreal Engine/SoundVisualizer/Content/GrenadePack/Particles/VFX_LTGrenadeEXP_water.uasset" 418
"../../../../../../Projekty/Unreal Engine/SoundVisualizer/Content/GrenadePack/Textures/t_snow_GPU.uasset" 419
"../../../../../../Projekty/Unreal Engine/SoundVisualizer/Content/GrenadePack/Materials/M_snow_GPU_Inst.uasset" 420
"../../../../../../Projekty/Unreal Engine/SoundVisualizer/Content/GrenadePack/Particles/VFX_LTGrenadeEXP_Snow.uasset" 421
"../../../../../../Projekty/Unreal Engine/SoundVisualizer/Content/GrenadePack/Particles/VFX_LTGrenadeEXP_Sand.uasset" 422
"../../../../../../Projekty/Unreal Engine/SoundVisualizer/Content/GrenadePack/Particles/VFX_LTGrenadeEXP_metal.uasset" 423
"../../../../../../Projekty/Unreal Engine/SoundVisualizer/Content/GrenadePack/Particles/VFX_LTGrenadeEXP_ice.uasset" 424
"../../../../../../Projekty/Unreal Engine/SoundVisualizer/Content/GrenadePack/Textures/t_conctere_normal.uasset" 425
"../../../../../../Projekty/Unreal Engine/SoundVisualizer/Content/GrenadePack/Textures/t_concrete_base.uasset" 426
"../../../../../../Projekty/Unreal Engine/SoundVisualizer/Content/GrenadePack/Materials/M_DirtDebris.uasset" 427
"../../../../../../Projekty/Unreal Engine/SoundVisualizer/Content/GrenadePack/Meshes/SM_Dirt.uasset" 428
"../../../../../../Projekty/Unreal Engine/SoundVisualizer/Content/GrenadePack/Materials/M_smoke_gravity_dirlit_02.uasset" 429
"../../../../../../Projekty/Unreal Engine/SoundVisualizer/Content/GrenadePack/Textures/t_debris_grass_GPU.uasset" 430
"../../../../../../Projekty/Unreal Engine/SoundVisualizer/Content/GrenadePack/Materials/M_debris_grass_GPU_Inst.uasset" 431
"../../../../../../Projekty/Unreal Engine/SoundVisualizer/Content/GrenadePack/Particles/VFX_LTGrenadeEXP_grass.uasset" 432
"../../../../../../Projekty/Unreal Engine/SoundVisualizer/Content/GrenadePack/Particles/VFX_LTGrenadeEXP_dirt.uasset" 433
"../../../../../../Projekty/Unreal Engine/SoundVisualizer/Content/GrenadePack/Particles/VFX_LTGrenadeEXP_default.uasset" 434
"../../../../../../Projekty/Unreal Engine/SoundVisualizer/Content/GrenadePack/Materials/M_ConcreteDebris.uasset" 435
"../../../../../../Projekty/Unreal Engine/SoundVisualizer/Content/GrenadePack/Meshes/SM_RockDirt.uasset" 436
"../../../../../../Projekty/Unreal Engine/SoundVisualizer/Content/GrenadePack/Particles/VFX_LTGrenadeEXP_concrete.uasset" 437
"../../../../../../Projekty/Unreal Engine/SoundVisualizer/Content/GrenadePack/Particles/VFX_GrenadeEXP_air.uasset" 438
"../../../../../../Projekty/Unreal Engine/SoundVisualizer/Content/GrenadePack/MapAssets/Shapes/Shape_Sphere.uasset" 439
"../../../../../../Projekty/Unreal Engine/SoundVisualizer/Content/GrenadePack/MapAssets/Audio/Explosion01.uasset" 440
"../../../../../../Projekty/Unreal Engine/SoundVisualizer/Content/GrenadePack/Textures/t_scorch.uasset" 441
"../../../../../../Projekty/Unreal Engine/SoundVisualizer/Content/GrenadePack/Materials/M_scorch.uasset" 442
"../../../../../../Projekty/Unreal Engine/SoundVisualizer/Content/GrenadePack/Blueprints/GrenadeCameraShake.uasset" 443
"../../../../../../Projekty/Unreal Engine/SoundVisualizer/Content/GrenadePack/Blueprints/BP_LTGrenade.uasset" 444
"../../../../../../Projekty/Unreal Engine/SoundVisualizer/Content/GrenadePack/Particles/VFX_GrenadeEXP_wood.uasset" 445
"../../../../../../Projekty/Unreal Engine/SoundVisualizer/Content/GrenadePack/Particles/VFX_GrenadeEXP_water.uasset" 446
"../../../../../../Projekty/Unreal Engine/SoundVisualizer/Content/GrenadePack/Particles/VFX_GrenadeEXP_snow.uasset" 447
"../../../../../../Projekty/Unreal Engine/SoundVisualizer/Content/GrenadePack/Particles/VFX_GrenadeEXP_Sand.uasset" 448
"../../../../../../Projekty/Unreal Engine/SoundVisualizer/Content/GrenadePack/Particles/VFX_GrenadeEXP_metal.uasset" 449
"../../../../../../Projekty/Unreal Engine/SoundVisualizer/Content/GrenadePack/Particles/VFX_GrenadeEXP_ice.uasset" 450
"../../../../../../Projekty/Unreal Engine/SoundVisualizer/Content/GrenadePack/Particles/VFX_GrenadeEXP_grass.uasset" 451
"../../../../../../Projekty/Unreal Engine/SoundVisualizer/Content/GrenadePack/Particles/VFX_GrenadeEXP_dirt.uasset" 452
"../../../../../../Projekty/Unreal Engine/SoundVisualizer/Content/GrenadePack/Particles/VFX_GrenadeEXP_default.uasset" 453
"../../../../../../Projekty/Unreal Engine/SoundVisualizer/Content/GrenadePack/Particles/VFX_GrenadeEXP_concrete.uasset" 454
"../../../../../../Projekty/Unreal Engine/SoundVisualizer/Content/GrenadePack/Blueprints/BP_Grenade.uasset" 455
"../../../../../../Projekty/Unreal Engine/SoundVisualizer/Content/GrenadePack/Map/GrenadeContent.umap" 456
"../../../Engine/Content/BasicShapes/Cube.uasset" 457
"../../../../../../Projekty/Unreal Engine/SoundVisualizer/Content/Own/Blueprints/Text/Lyrics.uasset" 458
"../../../../../../Projekty/Unreal Engine/SoundVisualizer/Content/Own/Blueprints/CyberpunkMat.uasset" 459
"../../../../../../Projekty/Unreal Engine/SoundVisualizer/Content/Audio/CYBERPUNK-2077-SOUNDTRACK-ANTAGONISTIC-by-Chris-Cardena-and-Sebastian-Robertson-Pacific-Avenue.uasset" 460
"../../../../../../Projekty/Unreal Engine/SoundVisualizer/Content/Audio/Cyberpunk-2077-_OST_-GR4VES-Official-Game-Soundtrack-Music.uasset" 461
"../../../../../../Projekty/Unreal Engine/SoundVisualizer/Content/Own/Levels/Minimal_Default.umap" 462
"../../../../../../Projekty/Unreal Engine/SoundVisualizer/Content/Own/Materials/GroundSmooth.uasset" 463
"../../../../../../Projekty/Unreal Engine/SoundVisualizer/Content/Own/Materials/GangSoundMaterial.uasset" 464
"../../../../../../Projekty/Unreal Engine/SoundVisualizer/Content/Own/Blueprints/Text/Graves_Lyrics.uasset" 465
"../../../../../../Projekty/Unreal Engine/SoundVisualizer/Content/Own/Blueprints/NodeMat2.uasset" 466
"../../../../../../Projekty/Unreal Engine/SoundVisualizer/Content/Own/Levels/ScreensLevel.umap" 467
"../../../../../../Projekty/Unreal Engine/SoundVisualizer/Content/Own/Blueprints/Text/MajorCrimes_Lyrics.uasset" 468
"../../../../../../Projekty/Unreal Engine/SoundVisualizer/Content/Own/Blueprints/NodeMat4.uasset" 469
"../../Plugins/FX/Niagara/Content/Enums/ENiagaraSphereDistributionMode.uasset" 470
"../../Plugins/FX/Niagara/Content/Enums/ENiagaraRandomnessMode.uasset" 471
"../../Plugins/FX/Niagara/Content/Enums/ENiagaraRandomnessEvaluation.uasset" 472
"../../Plugins/FX/Niagara/Content/Enums/ENiagaraExpansionMode.uasset" 473
"../../Plugins/FX/Niagara/Content/Enums/ENiagaraCoordinateSpace.uasset" 474
"../../Plugins/FX/Niagara/Content/Functions/V2/CalculateRandomRange.uasset" 475
"../../Plugins/FX/Niagara/Content/Functions/V2/CalculateRandomPointInSphere.uasset" 476
"../../Plugins/FX/Niagara/Content/Functions/SphericalToCartesianCoordinates.uasset" 477
"../../Plugins/FX/Niagara/Content/Functions/Rotation/MultiplyVectorWithQuaternion.uasset" 478
"../../Plugins/FX/Niagara/Content/Functions/DirectionAndLengthSafe.uasset" 479
"../../Plugins/FX/Niagara/Content/Functions/Rotation/FindQuatBetween.uasset" 480
"../../Plugins/FX/Niagara/Content/Functions/Localspace/TransformBase.uasset" 481
"../../Plugins/FX/Niagara/Content/Functions/Localspace/TransformVector.uasset" 482
"../../Plugins/FX/Niagara/Content/Functions/Localspace/SimulationPosition.uasset" 483
"../../Plugins/FX/Niagara/Content/Modules/Spawn/Location/V2/SphereLocation.uasset" 484
"../../../../../../Projekty/Unreal Engine/SoundVisualizer/Content/Own/OwnParticleMat.uasset" 485
"../../Plugins/FX/Niagara/Content/VectorFields/Assets/TilingCurl32.uasset" 486
"../../Plugins/FX/Niagara/Content/Enums/ENiagaraSystemInactiveMode.uasset" 487
"../../Plugins/FX/Niagara/Content/Enums/ENiagaraScaleColorMode.uasset" 488
"../../Plugins/FX/Niagara/Content/Enums/ENiagaraInactiveMode.uasset" 489
"../../Plugins/FX/Niagara/Content/Enums/ENiagaraEmitterScalabilityMode_Limited.uasset" 490
"../../Plugins/FX/Niagara/Content/Enums/ENiagaraEmitterLifeCycleMode.uasset" 491
"../../Plugins/FX/Niagara/Content/Enums/ENiagaraCurlNoiseQuality.uasset" 492
"../../Plugins/FX/Niagara/Content/Enums/ENiagaraChannelCorrelation.uasset" 493
"../../Plugins/FX/Niagara/Content/Enums/ENiagara_UVFlippingMode.uasset" 494
"../../Plugins/FX/Niagara/Content/Enums/ENiagara_SpriteRotationMode.uasset" 495
"../../Plugins/FX/Niagara/Content/Enums/ENiagara_SizeScaleMode.uasset" 496
"../../Plugins/FX/Niagara/Content/Enums/ENiagara_PositionInitializationMode.uasset" 497
"../../Plugins/FX/Niagara/Content/Enums/ENiagara_MassInitializationMode.uasset" 498
"../../Plugins/FX/Niagara/Content/Enums/ENiagara_LifetimeMode.uasset" 499
"../../Plugins/FX/Niagara/Content/Enums/ENiagara_InfiniteLoopDuration.uasset" 500
"../../Plugins/FX/Niagara/Content/Enums/ENiagara_EmitterStateOptions.uasset" 501
"../../Plugins/FX/Niagara/Content/Enums/ENiagara_ColorInitializationMode.uasset" 502
"../../Plugins/FX/Niagara/Content/Modules/Update/Size/ScaleSpriteSize.uasset" 503
"../../Plugins/FX/Niagara/Content/Modules/Update/Lifetime/ParticleState.uasset" 504
"../../Plugins/FX/Niagara/Content/VectorFields/Assets/TilingCurl64.uasset" 505
"../../Plugins/FX/Niagara/Content/VectorFields/Assets/TilingCurl16.uasset" 506
"../../Plugins/FX/Niagara/Content/Functions/V2/RemapRange.uasset" 507
"../../Plugins/FX/Niagara/Content/Functions/FindAngleBetweenVectors.uasset" 508
"../../Plugins/FX/Niagara/Content/Functions/V2/ConeMask.uasset" 509
"../../Plugins/FX/Niagara/Content/Modules/Update/Forces/V2/CurlNoiseForce.uasset" 510
"../../Plugins/FX/Niagara/Content/Modules/Update/Forces/Drag.uasset" 511
"../../Plugins/FX/Niagara/Content/Modules/Update/Color/ScaleColor.uasset" 512
"../../Plugins/FX/Niagara/Content/Functions/System/SystemChangeState.uasset" 513
"../../Plugins/FX/Niagara/Content/Modules/System/SystemState.uasset" 514
"../../Plugins/FX/Niagara/Content/Functions/V2/CalculateRandomRangeFloat.uasset" 515
"../../Plugins/FX/Niagara/Content/Functions/V2/CalculateRandomRangeInteger.uasset" 516
"../../Plugins/FX/Niagara/Content/Functions/V2/CalculateRandomBool.uasset" 517
"../../Plugins/FX/Niagara/Content/Functions/LinearColor/HueShiftLinearColor.uasset" 518
"../../Plugins/FX/Niagara/Content/Modules/Spawn/Initialization/V2/InitializeParticle.uasset" 519
"../../Plugins/FX/Niagara/Content/Modules/Solvers/SolveForcesAndVelocity.uasset" 520
"../../Plugins/FX/Niagara/Content/Functions/GetRandomInfo.uasset" 521
"../../Plugins/FX/Niagara/Content/Functions/RandomRangeFloat.uasset" 522
"../../Plugins/FX/Niagara/Content/Modules/Emitter/SpawnRate.uasset" 523
"../../Plugins/FX/Niagara/Content/Functions/Emitter/EmitterChangeState.uasset" 524
"../../Plugins/FX/Niagara/Content/Enums/ENiagaraExecutionStateManagement.uasset" 525
"../../Plugins/FX/Niagara/Content/Modules/Emitter/EmitterState.uasset" 526
"../../Plugins/FX/Niagara/Content/DynamicInputs/ValueFromCurve/FloatFromCurve.uasset" 527
"../../Plugins/FX/Niagara/Content/DynamicInputs/UniformRange/V2/RandomRangeFloat.uasset" 528
"../../Plugins/FX/Niagara/Content/DynamicInputs/TypeConversions/Vector2DFromFloat.uasset" 529
"../../../../../../Projekty/Unreal Engine/SoundVisualizer/Content/Own/CircleFX.uasset" 530
"../../../../../../Projekty/Unreal Engine/SoundVisualizer/Content/Own/Materials/GroundSmooth1.uasset" 531
"../../../../../../Projekty/Unreal Engine/SoundVisualizer/Content/Own/Levels/CircleLevel.umap" 532
"../../Plugins/Experimental/Water/Content/Waves/GerstnerWaves_Ocean.uasset" 533
"../../../Engine/Content/EngineMaterials/DefaultPhysicalMaterial.uasset" 534
"../../Plugins/Experimental/Water/Content/Textures/Foam/T_WaterFlow_01_Foam_Tiled_N.uasset" 535
"../../Plugins/Experimental/Water/Content/Textures/Foam/T_WaterFlow_01_Foam_Tiled.uasset" 536
"../../Plugins/Experimental/Water/Content/FluidSimulation/WaveFoam/FoamRT.uasset" 537
"../../Plugins/Experimental/Water/Content/FluidSimulation/WaveFoam/WaterDistanceField.uasset" 538
"../../Plugins/Experimental/Water/Content/Textures/Normals/T_Water_TilingNormal_With_Height_02_Softened.uasset" 539
"../../../Engine/Content/Functions/Engine_MaterialFunctions02/Math/TimeWithSpeedVariable.uasset" 540
"../../../Engine/Content/Functions/Engine_MaterialFunctions01/Texturing/ComputeMipLevel.uasset" 541
"../../Plugins/Experimental/Water/Content/Materials/Functions/ComputeWavesAttenuationFactor.uasset" 542
"../../../Engine/Content/EngineResources/Black.uasset" 543
"../../Plugins/Experimental/Water/Content/Materials/Functions/HighQualityTextureFiltering.uasset" 544
"../../Plugins/Experimental/Water/Content/Materials/MPC/MPC_Water.uasset" 545
"../../../Engine/Content/Functions/Engine_MaterialFunctions02/PivotPainter2/Black_1x1_EXR_Texture.uasset" 546
"../../Plugins/Experimental/Water/Content/Materials/Functions/WaterBodyData.uasset" 547
"../../Plugins/Experimental/Water/Content/Materials/Functions/WaveDepthFalloff_Overrides.uasset" 548
"../../../Engine/Content/Functions/Engine_MaterialFunctions03/Procedurals/NormalFromHeightmap.uasset" 549
"../../../Engine/Content/Functions/Engine_MaterialFunctions01/Gradient/BoxMask-2D.uasset" 550
"../../../Engine/Content/Functions/Engine_MaterialFunctions01/Gradient/LinearGradient.uasset" 551
"../../../Engine/Content/Functions/Engine_MaterialFunctions01/ImageAdjustment/CheapContrast.uasset" 552
"../../../Engine/Content/Functions/Engine_MaterialFunctions02/Texturing/HeightLerp.uasset" 553
"../../../Engine/Content/EngineSky/VolumetricClouds/T_NoiseShape.uasset" 554
"../../../Engine/Content/EngineSky/VolumetricClouds/T_VolumeNoiseShape128.uasset" 555
"../../Plugins/Experimental/Water/Content/Materials/Layers/BeachFoam.uasset" 556
"../../Plugins/Experimental/Water/Content/Materials/Functions/WaveVelocityMask.uasset" 557
"../../../Engine/Content/Functions/Engine_MaterialFunctions02/ExampleContent/Textures/water_n.uasset" 558
"../../../Engine/Content/Functions/Engine_MaterialFunctions02/ExampleContent/Textures/water_d.uasset" 559
"../../../Engine/Content/Functions/Engine_MaterialFunctions02/ExampleContent/Textures/LowResBlurredNoise.uasset" 560
"../../../Engine/Content/Functions/Engine_MaterialFunctions02/Math/AddComponents.uasset" 561
"../../../Engine/Content/Functions/Engine_MaterialFunctions02/Math/MakeVectorsOrthogonal.uasset" 562
"../../../Engine/Content/EngineMaterials/DefaultNormal.uasset" 563
"../../../Engine/Content/Functions/Engine_MaterialFunctions02/Utility/LinearSine.uasset" 564
"../../../Engine/Content/Functions/Engine_MaterialFunctions02/Math/Transform3x3Matrix.uasset" 565
"../../../Engine/Content/Functions/Engine_MaterialFunctions02/Texturing/Flowmaps.uasset" 566
"../../../Engine/Content/Functions/Engine_MaterialFunctions01/Coordinates/WorldPosition-XY.uasset" 567
"../../../Engine/Content/Functions/Engine_MaterialFunctions01/Texturing/FlattenNormal.uasset" 568
"../../Plugins/Experimental/Water/Content/Materials/Functions/WaterRiverFlowmaps.uasset" 569
"../../Plugins/Experimental/Water/Content/Materials/Functions/WaterOpacityMaskFromDepth.uasset" 570
"../../Plugins/Experimental/Water/Content/Materials/Functions/WaterHeightMappingVS.uasset" 571
"../../Plugins/Experimental/Water/Content/Materials/Functions/WaterCoefficientMask.uasset" 572
"../../Plugins/Experimental/Water/Content/FluidSimulation/Materials/Functions/Fluidsim_WorldPosition_to_UV.uasset" 573
"../../../Engine/Content/Functions/Engine_MaterialFunctions01/Opacity/AlphaOffset.uasset" 574
"../../Plugins/Experimental/Water/Content/Materials/Functions/SampleFluidSimulation.uasset" 575
"../../Plugins/Experimental/Water/Content/Materials/Functions/WorldPositionBehindWater.uasset" 576
"../../Plugins/Experimental/Water/Content/Materials/Functions/WorldNormalBehindWater.uasset" 577
"../../Plugins/Experimental/Water/Content/Materials/Functions/GetWaterTime.uasset" 578
"../../Plugins/Experimental/Water/Content/Materials/Functions/ComputeGerstnerWaves.uasset" 579
"../../Plugins/Experimental/Water/Content/Caustics/Materials/Functions/GetDistortionUV.uasset" 580
"../../Plugins/Experimental/Water/Content/Caustics/Materials/Functions/WaterCaustics_GerstnerWaves.uasset" 581
"../../Plugins/Experimental/Water/Content/Materials/Layers/WaterAttributes.uasset" 582
"../../Plugins/Experimental/Water/Content/Materials/Functions/WaterTextureWaves.uasset" 583
"../../Plugins/Experimental/Water/Content/Materials/Functions/WaterTextureSurface.uasset" 584
"../../Plugins/Experimental/Water/Content/Materials/Functions/Water_Underside.uasset" 585
"../../Plugins/Experimental/Water/Content/Materials/Functions/SetWaveAttributes.uasset" 586
"../../Plugins/Experimental/Landmass/Content/Landscape/BlueprintBrushes/MPC/MPC_Landscape.uasset" 587
"../../Plugins/Experimental/Water/Content/Materials/WaterSurface/Water_Material.uasset" 588
"../../Plugins/Experimental/Water/Content/Materials/WaterSurface/Water_Material_Inst.uasset" 589
"../../Plugins/Experimental/Water/Content/Materials/WaterSurface/Water_Material_Ocean.uasset" 590
"../../../Engine/Content/Functions/Engine_MaterialFunctions01/Texturing/TextureCropping.uasset" 591
"../../../Engine/Content/Functions/Engine_MaterialFunctions02/ExampleContent/DebugNumberStrip.uasset" 592
"../../../Engine/Content/Functions/Engine_MaterialFunctions02/ExampleContent/Textures/DebugNumberPeriod.uasset" 593
"../../../Engine/Content/Functions/Engine_MaterialFunctions02/Utility/DebugScalarValues.uasset" 594
"../../../Engine/Content/Functions/Engine_MaterialFunctions01/Texturing/ScaleUVsByCenter.uasset" 595
"../../../Engine/Content/Functions/Engine_MaterialFunctions01/Volumetrics/SchlickPhase.uasset" 596
"../../../Engine/Content/Functions/Engine_MaterialFunctions02/ScreenResolution.uasset" 597
"../../../Engine/Content/Functions/Engine_MaterialFunctions02/Texturing/ScreenAlignedUVs.uasset" 598
"../../Plugins/Experimental/Water/Content/Materials/PostProcessing/M_UnderWater_PostProcess_Volume.uasset" 599
"../../Plugins/Experimental/Landmass/Content/Landscape/Mats/MF/SmoothTerracing.uasset" 600
"../../Plugins/Experimental/Landmass/Content/Landscape/Mats/MF/SmoothIntersections.uasset" 601
"../../../Engine/Content/Functions/Engine_MaterialFunctions02/WorldPositionOffset/GenerateASpline.uasset" 602
"../../../Engine/Content/MapTemplates/TilingNoise05.uasset" 603
"../../Plugins/Experimental/Landmass/Content/Landscape/Mats/MF/CatmullRomTexture.uasset" 604
"../../../Engine/Content/Functions/Engine_MaterialFunctions01/Math/SmoothCeil.uasset" 605
"../../Plugins/Experimental/Landmass/Content/Landscape/Mats/MF/BrushTerracing.uasset" 606
"../../../Engine/Content/Functions/Engine_MaterialFunctions01/ImageAdjustment/SCurve.uasset" 607
"../../Plugins/Experimental/Landmass/Content/Landscape/Mats/MF/BrushDisplaceMask.uasset" 608
"../../Plugins/Experimental/Landmass/Content/Landscape/Mats/MF/BrushBlendModes.uasset" 609
"../../../Engine/Content/EngineResources/Black_Low.uasset" 610
"../../Plugins/Experimental/Landmass/Content/Landscape/Mats/MF/BrushAlphaMask.uasset" 611
"../../Plugins/Experimental/Landmass/Content/Landscape/Mats/MF/UnpackRG8Height.uasset" 612
"../../Plugins/Experimental/Landmass/Content/Landscape/BlueprintBrushes/MF/PointSampleLandscapeUVs.uasset" 613
"../../Plugins/Experimental/Landmass/Content/Landscape/BlueprintBrushes/MF/ReadCachedDistanceField.uasset" 614
"../../Plugins/Experimental/Landmass/Content/Landscape/BlueprintBrushes/MF/PackRG8Height.uasset" 615
"../../Plugins/Experimental/Water/Content/Materials/Brushes/MeshBrush_Width.uasset" 616
"../../Plugins/Experimental/Water/Content/Materials/Brushes/MeshBrush_Weightmap.uasset" 617
"../../Plugins/Experimental/Landmass/Content/Landscape/BlueprintBrushes/MF/BrushBlendModes.uasset" 618
"../../Plugins/Experimental/Landmass/Content/Landscape/Curves/DynamicCurve_RT.uasset" 619
"../../Plugins/Experimental/Water/Content/Materials/Brushes/MeshBrush_Island.uasset" 620
"../../Plugins/Experimental/Landmass/Content/Landscape/BlueprintBrushes/MF/SmoothIntersections.uasset" 621
"../../Plugins/Experimental/Landmass/Content/Landscape/BlueprintBrushes/MF/BrushTerracing.uasset" 622
"../../Plugins/Experimental/Landmass/Content/Landscape/BlueprintBrushes/MF/BrushDisplaceMask.uasset" 623
"../../Plugins/Experimental/Landmass/Content/Landscape/BlueprintBrushes/MF/BrushAlphaMask.uasset" 624
"../../Plugins/Experimental/Water/Content/Materials/Brushes/MeshBrush_Angle.uasset" 625
"../../Plugins/Experimental/Landmass/Content/Landscape/BlueprintBrushes/MF/UnpackRG8Height.uasset" 626
"../../Plugins/Experimental/Water/Content/Materials/Brushes/FinalizeWaterTexture.uasset" 627
"../../Plugins/Experimental/Water/Content/Materials/Brushes/CanvasDrawing.uasset" 628
"../../../Engine/Content/Functions/Engine_MaterialFunctions02/TangentBasis.uasset" 629
"../../Plugins/Experimental/Landmass/Content/Landscape/BlueprintBrushes/Materials/RenderSplineDepths.uasset" 630
"../../Plugins/Experimental/Landmass/Content/Landscape/Mats/MPC/MPC_Erosion.uasset" 631
"../../Plugins/Experimental/Landmass/Content/Landscape/BlueprintBrushes/MF/SampleDistanceField.uasset" 632
"../../Plugins/Experimental/Landmass/Content/Landscape/BlueprintBrushes/MF/LocalizeLandscapeZValue.uasset" 633
"../../Plugins/Experimental/Landmass/Content/Landscape/BlueprintBrushes/Materials/CacheDistanceField.uasset" 634
"../../Plugins/Experimental/Landmass/Content/DistanceFields/Materials/JumpFloodStep.uasset" 635
"../../Plugins/Experimental/Landmass/Content/Landscape/Textures/LS_Debug_RT_01.uasset" 636
"../../Plugins/Experimental/Landmass/Content/DistanceFields/Materials/DetectEdges.uasset" 637
"../../Plugins/Experimental/Landmass/Content/DistanceFields/Materials/BlurEdges.uasset" 638
"../../../../../../Projekty/Unreal Engine/SoundVisualizer/Content/Own/Levels/FlyingLevel_BuiltData.uasset" 639
"../../Plugins/Experimental/Water/Content/Curves/FloatCurve.uasset" 640
"../../Plugins/Experimental/Water/Content/Materials/Brushes/CompositeWaterBodyTexture.uasset" 641
"../../../../../../Projekty/Unreal Engine/SoundVisualizer/Content/StarterContent/Shapes/Shape_Cone.uasset" 642
"../../../../../../Projekty/Unreal Engine/SoundVisualizer/Content/Own/Materials/CubeMat.uasset" 643
"../../../../../../Projekty/Unreal Engine/SoundVisualizer/Content/Own/Blueprints/NodeMat3.uasset" 644
"../../Plugins/FX/Niagara/Content/Functions/RandomPointInBox.uasset" 645
"../../Plugins/FX/Niagara/Content/Functions/IsolateLongestVectorComponent.uasset" 646
"../../Plugins/FX/Niagara/Content/Functions/Rotation/RotateAngleOnAxis.uasset" 647
"../../Plugins/FX/Niagara/Content/Modules/Spawn/Location/BoxLocation.uasset" 648
"../../Plugins/FX/Niagara/Content/DefaultAssets/DefaultSpriteMaterial.uasset" 649
"../../../../../../Projekty/Unreal Engine/SoundVisualizer/Content/Own/NewNiagaraSystem.uasset" 650
"../../../../../../Projekty/Unreal Engine/SoundVisualizer/Content/Own/Levels/FlyingLevel.umap" 651
"../../../Engine/Content/Maps/Entry_BuiltData.uasset" 652
"../../../Engine/Content/Maps/Entry.umap" 653
